schedule | main | 2025-04-20 23:23:40,957 | INFO | SCHEDULE mode started with airports: ['NCL', 'DUB']
schedule | main | 2025-04-20 23:23:41,078 | INFO | --- SCRAPING NCL (EGNT), city=Newcastle ---
schedule | selenium_utility | 2025-04-20 23:23:41,083 | INFO | Using Chrome binary at: /Applications/Google Chrome.app/Contents/MacOS/Google Chrome
schedule | selenium_utility | 2025-04-20 23:23:41,178 | ERROR | Error initializing Chrome driver: <urlopen error [SSL: CERTIFICATE_VERIFY_FAILED] certificate verify failed: unable to get local issuer certificate (_ssl.c:1000)>
Traceback (most recent call last):
  File "/Library/Frameworks/Python.framework/Versions/3.12/lib/python3.12/urllib/request.py", line 1344, in do_open
    h.request(req.get_method(), req.selector, req.data, headers,
  File "/Library/Frameworks/Python.framework/Versions/3.12/lib/python3.12/http/client.py", line 1327, in request
    self._send_request(method, url, body, headers, encode_chunked)
  File "/Library/Frameworks/Python.framework/Versions/3.12/lib/python3.12/http/client.py", line 1373, in _send_request
    self.endheaders(body, encode_chunked=encode_chunked)
  File "/Library/Frameworks/Python.framework/Versions/3.12/lib/python3.12/http/client.py", line 1322, in endheaders
    self._send_output(message_body, encode_chunked=encode_chunked)
  File "/Library/Frameworks/Python.framework/Versions/3.12/lib/python3.12/http/client.py", line 1081, in _send_output
    self.send(msg)
  File "/Library/Frameworks/Python.framework/Versions/3.12/lib/python3.12/http/client.py", line 1025, in send
    self.connect()
  File "/Library/Frameworks/Python.framework/Versions/3.12/lib/python3.12/http/client.py", line 1468, in connect
    self.sock = self._context.wrap_socket(self.sock,
                ^^^^^^^^^^^^^^^^^^^^^^^^^^^^^^^^^^^^
  File "/Library/Frameworks/Python.framework/Versions/3.12/lib/python3.12/ssl.py", line 455, in wrap_socket
    return self.sslsocket_class._create(
           ^^^^^^^^^^^^^^^^^^^^^^^^^^^^^
  File "/Library/Frameworks/Python.framework/Versions/3.12/lib/python3.12/ssl.py", line 1046, in _create
    self.do_handshake()
  File "/Library/Frameworks/Python.framework/Versions/3.12/lib/python3.12/ssl.py", line 1321, in do_handshake
    self._sslobj.do_handshake()
ssl.SSLCertVerificationError: [SSL: CERTIFICATE_VERIFY_FAILED] certificate verify failed: unable to get local issuer certificate (_ssl.c:1000)

During handling of the above exception, another exception occurred:

Traceback (most recent call last):
  File "/Users/amaellediop/sky_denied_web_app/sky_denied_WEB_APP/data/src/selenium_utility.py", line 66, in gen_driver
    driver = uc.Chrome(version_main=134, options=chrome_options)
             ^^^^^^^^^^^^^^^^^^^^^^^^^^^^^^^^^^^^^^^^^^^^^^^^^^^
  File "/Library/Frameworks/Python.framework/Versions/3.12/lib/python3.12/site-packages/seleniumwire/undetected_chromedriver/webdriver.py", line 61, in __init__
    super().__init__(*args, **kwargs)
  File "/Library/Frameworks/Python.framework/Versions/3.12/lib/python3.12/site-packages/undetected_chromedriver/__init__.py", line 258, in __init__
    self.patcher.auto()
  File "/Library/Frameworks/Python.framework/Versions/3.12/lib/python3.12/site-packages/undetected_chromedriver/patcher.py", line 175, in auto
    release = self.fetch_release_number()
              ^^^^^^^^^^^^^^^^^^^^^^^^^^^
  File "/Library/Frameworks/Python.framework/Versions/3.12/lib/python3.12/site-packages/undetected_chromedriver/patcher.py", line 259, in fetch_release_number
    with urlopen(self.url_repo + path) as conn:
         ^^^^^^^^^^^^^^^^^^^^^^^^^^^^^
  File "/Library/Frameworks/Python.framework/Versions/3.12/lib/python3.12/urllib/request.py", line 215, in urlopen
    return opener.open(url, data, timeout)
           ^^^^^^^^^^^^^^^^^^^^^^^^^^^^^^^
  File "/Library/Frameworks/Python.framework/Versions/3.12/lib/python3.12/urllib/request.py", line 515, in open
    response = self._open(req, data)
               ^^^^^^^^^^^^^^^^^^^^^
  File "/Library/Frameworks/Python.framework/Versions/3.12/lib/python3.12/urllib/request.py", line 532, in _open
    result = self._call_chain(self.handle_open, protocol, protocol +
             ^^^^^^^^^^^^^^^^^^^^^^^^^^^^^^^^^^^^^^^^^^^^^^^^^^^^^^^
  File "/Library/Frameworks/Python.framework/Versions/3.12/lib/python3.12/urllib/request.py", line 492, in _call_chain
    result = func(*args)
             ^^^^^^^^^^^
  File "/Library/Frameworks/Python.framework/Versions/3.12/lib/python3.12/urllib/request.py", line 1392, in https_open
    return self.do_open(http.client.HTTPSConnection, req,
           ^^^^^^^^^^^^^^^^^^^^^^^^^^^^^^^^^^^^^^^^^^^^^^
  File "/Library/Frameworks/Python.framework/Versions/3.12/lib/python3.12/urllib/request.py", line 1347, in do_open
    raise URLError(err)
urllib.error.URLError: <urlopen error [SSL: CERTIFICATE_VERIFY_FAILED] certificate verify failed: unable to get local issuer certificate (_ssl.c:1000)>
schedule | get_flight_by_airport_flightera | 2025-04-20 23:23:41,185 | INFO | Starting Flightera scrape from: https://www.flightera.net/en/airport/Newcastle/EGNT/arrival/2025-04-21%2023_59?
schedule | get_flight_by_airport_flightera | 2025-04-20 23:23:41,185 | ERROR | Flightera scrape failed: 'NoneType' object has no attribute 'get'
Traceback (most recent call last):
  File "/Users/amaellediop/sky_denied_web_app/sky_denied_WEB_APP/data/src/get_flight_by_airport_flightera.py", line 217, in crawl_flighttera_airport_flights
    driver.get(url)
    ^^^^^^^^^^
AttributeError: 'NoneType' object has no attribute 'get'
schedule | main | 2025-04-20 23:27:45,420 | INFO | SCHEDULE mode started with airports: ['NCL', 'DUB']
schedule | main | 2025-04-20 23:27:45,534 | INFO | --- SCRAPING NCL (EGNT), city=Newcastle ---
schedule | selenium_utility | 2025-04-20 23:27:45,535 | INFO | Using Chrome binary at: /Applications/Google Chrome.app/Contents/MacOS/Google Chrome
schedule | selenium_utility | 2025-04-20 23:27:50,552 | INFO | Chrome driver initialized successfully.
schedule | get_flight_by_airport_flightera | 2025-04-20 23:27:50,558 | INFO | Starting Flightera scrape from: https://www.flightera.net/en/airport/Newcastle/EGNT/arrival/2025-04-21%2023_59?
schedule | selenium_utility | 2025-04-20 23:28:21,487 | WARNING | Timeout waiting for element at xpath '//a[contains(text(), 'Earlier Flights')]': Message: 
Stacktrace:
0   undetected_chromedriver             0x000000010e827568 undetected_chromedriver + 6088040
1   undetected_chromedriver             0x000000010e81f17a undetected_chromedriver + 6054266
2   undetected_chromedriver             0x000000010e2be540 undetected_chromedriver + 415040
3   undetected_chromedriver             0x000000010e3100a0 undetected_chromedriver + 749728
4   undetected_chromedriver             0x000000010e3102f1 undetected_chromedriver + 750321
5   undetected_chromedriver             0x000000010e360764 undetected_chromedriver + 1079140
6   undetected_chromedriver             0x000000010e33641d undetected_chromedriver + 906269
7   undetected_chromedriver             0x000000010e35da19 undetected_chromedriver + 1067545
8   undetected_chromedriver             0x000000010e3361c3 undetected_chromedriver + 905667
9   undetected_chromedriver             0x000000010e30205a undetected_chromedriver + 692314
10  undetected_chromedriver             0x000000010e3031b1 undetected_chromedriver + 696753
11  undetected_chromedriver             0x000000010e7e6c90 undetected_chromedriver + 5823632
12  undetected_chromedriver             0x000000010e7eab44 undetected_chromedriver + 5839684
13  undetected_chromedriver             0x000000010e7c1e86 undetected_chromedriver + 5672582
14  undetected_chromedriver             0x000000010e7eb53b undetected_chromedriver + 5842235
15  undetected_chromedriver             0x000000010e7b0824 undetected_chromedriver + 5601316
16  undetected_chromedriver             0x000000010e80d618 undetected_chromedriver + 5981720
17  undetected_chromedriver             0x000000010e80d7df undetected_chromedriver + 5982175
18  undetected_chromedriver             0x000000010e81ed58 undetected_chromedriver + 6053208
19  libsystem_pthread.dylib             0x00007ff816068253 _pthread_start + 99
20  libsystem_pthread.dylib             0x00007ff816063bef thread_start + 15

schedule | get_flight_by_airport_flightera | 2025-04-20 23:28:21,523 | INFO | No more 'Earlier Flights' link.
schedule | get_flight_by_airport_flightera | 2025-04-20 23:28:21,584 | INFO | Flightera scrape finished: 0 rows
schedule | selenium_utility | 2025-04-20 23:28:21,585 | INFO | Using Chrome binary at: /Applications/Google Chrome.app/Contents/MacOS/Google Chrome
schedule | selenium_utility | 2025-04-20 23:28:23,537 | INFO | Chrome driver initialized successfully.
schedule | get_flight_by_airport_flightera | 2025-04-20 23:28:23,539 | INFO | Starting Flightera scrape from: https://www.flightera.net/en/airport/Newcastle/EGNT/departure/2025-04-21%2023_59?
schedule | selenium_utility | 2025-04-20 23:28:53,939 | WARNING | Timeout waiting for element at xpath '//a[contains(text(), 'Earlier Flights')]': Message: 
Stacktrace:
0   undetected_chromedriver             0x000000010b994568 undetected_chromedriver + 6088040
1   undetected_chromedriver             0x000000010b98c17a undetected_chromedriver + 6054266
2   undetected_chromedriver             0x000000010b42b540 undetected_chromedriver + 415040
3   undetected_chromedriver             0x000000010b47d0a0 undetected_chromedriver + 749728
4   undetected_chromedriver             0x000000010b47d2f1 undetected_chromedriver + 750321
5   undetected_chromedriver             0x000000010b4cd764 undetected_chromedriver + 1079140
6   undetected_chromedriver             0x000000010b4a341d undetected_chromedriver + 906269
7   undetected_chromedriver             0x000000010b4caa19 undetected_chromedriver + 1067545
8   undetected_chromedriver             0x000000010b4a31c3 undetected_chromedriver + 905667
9   undetected_chromedriver             0x000000010b46f05a undetected_chromedriver + 692314
10  undetected_chromedriver             0x000000010b4701b1 undetected_chromedriver + 696753
11  undetected_chromedriver             0x000000010b953c90 undetected_chromedriver + 5823632
12  undetected_chromedriver             0x000000010b957b44 undetected_chromedriver + 5839684
13  undetected_chromedriver             0x000000010b92ee86 undetected_chromedriver + 5672582
14  undetected_chromedriver             0x000000010b95853b undetected_chromedriver + 5842235
15  undetected_chromedriver             0x000000010b91d824 undetected_chromedriver + 5601316
16  undetected_chromedriver             0x000000010b97a618 undetected_chromedriver + 5981720
17  undetected_chromedriver             0x000000010b97a7df undetected_chromedriver + 5982175
18  undetected_chromedriver             0x000000010b98bd58 undetected_chromedriver + 6053208
19  libsystem_pthread.dylib             0x00007ff816068253 _pthread_start + 99
20  libsystem_pthread.dylib             0x00007ff816063bef thread_start + 15

schedule | get_flight_by_airport_flightera | 2025-04-20 23:28:53,964 | INFO | No more 'Earlier Flights' link.
schedule | get_flight_by_airport_flightera | 2025-04-20 23:28:54,155 | INFO | Flightera scrape finished: 0 rows
schedule | main | 2025-04-20 23:28:54,155 | INFO | Flightera scrapes done for NCL: arrivals=0 rows, departures=0 rows
schedule | selenium_utility | 2025-04-20 23:28:54,158 | INFO | Using Chrome binary at: /Applications/Google Chrome.app/Contents/MacOS/Google Chrome
schedule | selenium_utility | 2025-04-20 23:28:56,114 | INFO | Chrome driver initialized successfully.
schedule | get_flight_by_airport_flightradar24 | 2025-04-20 23:28:56,114 | INFO | Navigating to Flightradar24 URL: https://www.flightradar24.com/data/airports/NCL/arrivals
schedule | selenium_utility | 2025-04-20 23:29:01,840 | WARNING | Failed to click button at xpath '//*[@id="onetrust-reject-all-handler"]': Message: 
Stacktrace:
0   undetected_chromedriver             0x00000001065d9568 undetected_chromedriver + 6088040
1   undetected_chromedriver             0x00000001065d117a undetected_chromedriver + 6054266
2   undetected_chromedriver             0x0000000106070540 undetected_chromedriver + 415040
3   undetected_chromedriver             0x00000001060c20a0 undetected_chromedriver + 749728
4   undetected_chromedriver             0x00000001060c22f1 undetected_chromedriver + 750321
5   undetected_chromedriver             0x0000000106112764 undetected_chromedriver + 1079140
6   undetected_chromedriver             0x00000001060e841d undetected_chromedriver + 906269
7   undetected_chromedriver             0x000000010610fa19 undetected_chromedriver + 1067545
8   undetected_chromedriver             0x00000001060e81c3 undetected_chromedriver + 905667
9   undetected_chromedriver             0x00000001060b405a undetected_chromedriver + 692314
10  undetected_chromedriver             0x00000001060b51b1 undetected_chromedriver + 696753
11  undetected_chromedriver             0x0000000106598c90 undetected_chromedriver + 5823632
12  undetected_chromedriver             0x000000010659cb44 undetected_chromedriver + 5839684
13  undetected_chromedriver             0x0000000106573e86 undetected_chromedriver + 5672582
14  undetected_chromedriver             0x000000010659d53b undetected_chromedriver + 5842235
15  undetected_chromedriver             0x0000000106562824 undetected_chromedriver + 5601316
16  undetected_chromedriver             0x00000001065bf618 undetected_chromedriver + 5981720
17  undetected_chromedriver             0x00000001065bf7df undetected_chromedriver + 5982175
18  undetected_chromedriver             0x00000001065d0d58 undetected_chromedriver + 6053208
19  libsystem_pthread.dylib             0x00007ff816068253 _pthread_start + 99
20  libsystem_pthread.dylib             0x00007ff816063bef thread_start + 15

schedule | selenium_utility | 2025-04-20 23:29:01,840 | INFO | Attempting to click button #1 at xpath '//button[contains(@class, "btn-flights-load") and contains(text(), "Load earlier flights")]'...
schedule | selenium_utility | 2025-04-20 23:29:12,208 | WARNING | Failed to click button at xpath '//button[contains(@class, "btn-flights-load") and contains(text(), "Load earlier flights")]': Message: 
Stacktrace:
0   undetected_chromedriver             0x00000001065d9568 undetected_chromedriver + 6088040
1   undetected_chromedriver             0x00000001065d117a undetected_chromedriver + 6054266
2   undetected_chromedriver             0x0000000106070540 undetected_chromedriver + 415040
3   undetected_chromedriver             0x00000001060c20a0 undetected_chromedriver + 749728
4   undetected_chromedriver             0x00000001060c22f1 undetected_chromedriver + 750321
5   undetected_chromedriver             0x0000000106112764 undetected_chromedriver + 1079140
6   undetected_chromedriver             0x00000001060e841d undetected_chromedriver + 906269
7   undetected_chromedriver             0x000000010610fa19 undetected_chromedriver + 1067545
8   undetected_chromedriver             0x00000001060e81c3 undetected_chromedriver + 905667
9   undetected_chromedriver             0x00000001060b405a undetected_chromedriver + 692314
10  undetected_chromedriver             0x00000001060b51b1 undetected_chromedriver + 696753
11  undetected_chromedriver             0x0000000106598c90 undetected_chromedriver + 5823632
12  undetected_chromedriver             0x000000010659cb44 undetected_chromedriver + 5839684
13  undetected_chromedriver             0x0000000106573e86 undetected_chromedriver + 5672582
14  undetected_chromedriver             0x000000010659d53b undetected_chromedriver + 5842235
15  undetected_chromedriver             0x0000000106562824 undetected_chromedriver + 5601316
16  undetected_chromedriver             0x00000001065bf618 undetected_chromedriver + 5981720
17  undetected_chromedriver             0x00000001065bf7df undetected_chromedriver + 5982175
18  undetected_chromedriver             0x00000001065d0d58 undetected_chromedriver + 6053208
19  libsystem_pthread.dylib             0x00007ff816068253 _pthread_start + 99
20  libsystem_pthread.dylib             0x00007ff816063bef thread_start + 15

schedule | selenium_utility | 2025-04-20 23:29:12,209 | INFO | No more buttons found after 0 clicks.
schedule | selenium_utility | 2025-04-20 23:29:12,209 | INFO | Attempting to click button #1 at xpath '//button[contains(@class, "btn-flights-load") and contains(text(), "Load later flights")]'...
schedule | selenium_utility | 2025-04-20 23:29:22,573 | WARNING | Failed to click button at xpath '//button[contains(@class, "btn-flights-load") and contains(text(), "Load later flights")]': Message: 
Stacktrace:
0   undetected_chromedriver             0x00000001065d9568 undetected_chromedriver + 6088040
1   undetected_chromedriver             0x00000001065d117a undetected_chromedriver + 6054266
2   undetected_chromedriver             0x0000000106070540 undetected_chromedriver + 415040
3   undetected_chromedriver             0x00000001060c20a0 undetected_chromedriver + 749728
4   undetected_chromedriver             0x00000001060c22f1 undetected_chromedriver + 750321
5   undetected_chromedriver             0x0000000106112764 undetected_chromedriver + 1079140
6   undetected_chromedriver             0x00000001060e841d undetected_chromedriver + 906269
7   undetected_chromedriver             0x000000010610fa19 undetected_chromedriver + 1067545
8   undetected_chromedriver             0x00000001060e81c3 undetected_chromedriver + 905667
9   undetected_chromedriver             0x00000001060b405a undetected_chromedriver + 692314
10  undetected_chromedriver             0x00000001060b51b1 undetected_chromedriver + 696753
11  undetected_chromedriver             0x0000000106598c90 undetected_chromedriver + 5823632
12  undetected_chromedriver             0x000000010659cb44 undetected_chromedriver + 5839684
13  undetected_chromedriver             0x0000000106573e86 undetected_chromedriver + 5672582
14  undetected_chromedriver             0x000000010659d53b undetected_chromedriver + 5842235
15  undetected_chromedriver             0x0000000106562824 undetected_chromedriver + 5601316
16  undetected_chromedriver             0x00000001065bf618 undetected_chromedriver + 5981720
17  undetected_chromedriver             0x00000001065bf7df undetected_chromedriver + 5982175
18  undetected_chromedriver             0x00000001065d0d58 undetected_chromedriver + 6053208
19  libsystem_pthread.dylib             0x00007ff816068253 _pthread_start + 99
20  libsystem_pthread.dylib             0x00007ff816063bef thread_start + 15

schedule | selenium_utility | 2025-04-20 23:29:22,585 | INFO | No more buttons found after 0 clicks.
schedule | get_flight_by_airport_flightradar24 | 2025-04-20 23:29:22,665 | INFO | Parsed 0 rows from Flightradar24 HTML.
schedule | get_flight_by_airport_flightradar24 | 2025-04-20 23:29:22,879 | INFO | Flightradar24 arrivals scraping complete for NCL: 0 rows
schedule | main | 2025-04-20 23:29:22,881 | INFO | --- SCRAPING DUB (EIDW), city=Dublin ---
schedule | selenium_utility | 2025-04-20 23:29:22,896 | INFO | Using Chrome binary at: /Applications/Google Chrome.app/Contents/MacOS/Google Chrome
schedule | selenium_utility | 2025-04-20 23:29:25,036 | INFO | Chrome driver initialized successfully.
schedule | get_flight_by_airport_flightera | 2025-04-20 23:29:25,038 | INFO | Starting Flightera scrape from: https://www.flightera.net/en/airport/Dublin/EIDW/arrival/2025-04-21%2023_59?
schedule | selenium_utility | 2025-04-20 23:29:55,466 | WARNING | Timeout waiting for element at xpath '//a[contains(text(), 'Earlier Flights')]': Message: 
Stacktrace:
0   undetected_chromedriver             0x000000010ab38568 undetected_chromedriver + 6088040
1   undetected_chromedriver             0x000000010ab3017a undetected_chromedriver + 6054266
2   undetected_chromedriver             0x000000010a5cf540 undetected_chromedriver + 415040
3   undetected_chromedriver             0x000000010a6210a0 undetected_chromedriver + 749728
4   undetected_chromedriver             0x000000010a6212f1 undetected_chromedriver + 750321
5   undetected_chromedriver             0x000000010a671764 undetected_chromedriver + 1079140
6   undetected_chromedriver             0x000000010a64741d undetected_chromedriver + 906269
7   undetected_chromedriver             0x000000010a66ea19 undetected_chromedriver + 1067545
8   undetected_chromedriver             0x000000010a6471c3 undetected_chromedriver + 905667
9   undetected_chromedriver             0x000000010a61305a undetected_chromedriver + 692314
10  undetected_chromedriver             0x000000010a6141b1 undetected_chromedriver + 696753
11  undetected_chromedriver             0x000000010aaf7c90 undetected_chromedriver + 5823632
12  undetected_chromedriver             0x000000010aafbb44 undetected_chromedriver + 5839684
13  undetected_chromedriver             0x000000010aad2e86 undetected_chromedriver + 5672582
14  undetected_chromedriver             0x000000010aafc53b undetected_chromedriver + 5842235
15  undetected_chromedriver             0x000000010aac1824 undetected_chromedriver + 5601316
16  undetected_chromedriver             0x000000010ab1e618 undetected_chromedriver + 5981720
17  undetected_chromedriver             0x000000010ab1e7df undetected_chromedriver + 5982175
18  undetected_chromedriver             0x000000010ab2fd58 undetected_chromedriver + 6053208
19  libsystem_pthread.dylib             0x00007ff816068253 _pthread_start + 99
20  libsystem_pthread.dylib             0x00007ff816063bef thread_start + 15

schedule | get_flight_by_airport_flightera | 2025-04-20 23:29:55,521 | INFO | No more 'Earlier Flights' link.
schedule | get_flight_by_airport_flightera | 2025-04-20 23:29:55,814 | INFO | Flightera scrape finished: 0 rows
schedule | selenium_utility | 2025-04-20 23:29:55,815 | INFO | Using Chrome binary at: /Applications/Google Chrome.app/Contents/MacOS/Google Chrome
schedule | selenium_utility | 2025-04-20 23:29:58,341 | INFO | Chrome driver initialized successfully.
schedule | get_flight_by_airport_flightera | 2025-04-20 23:29:58,342 | INFO | Starting Flightera scrape from: https://www.flightera.net/en/airport/Dublin/EIDW/departure/2025-04-21%2023_59?
schedule | selenium_utility | 2025-04-20 23:30:29,013 | WARNING | Timeout waiting for element at xpath '//a[contains(text(), 'Earlier Flights')]': Message: 
Stacktrace:
0   undetected_chromedriver             0x000000010e5e6568 undetected_chromedriver + 6088040
1   undetected_chromedriver             0x000000010e5de17a undetected_chromedriver + 6054266
2   undetected_chromedriver             0x000000010e07d540 undetected_chromedriver + 415040
3   undetected_chromedriver             0x000000010e0cf0a0 undetected_chromedriver + 749728
4   undetected_chromedriver             0x000000010e0cf2f1 undetected_chromedriver + 750321
5   undetected_chromedriver             0x000000010e11f764 undetected_chromedriver + 1079140
6   undetected_chromedriver             0x000000010e0f541d undetected_chromedriver + 906269
7   undetected_chromedriver             0x000000010e11ca19 undetected_chromedriver + 1067545
8   undetected_chromedriver             0x000000010e0f51c3 undetected_chromedriver + 905667
9   undetected_chromedriver             0x000000010e0c105a undetected_chromedriver + 692314
10  undetected_chromedriver             0x000000010e0c21b1 undetected_chromedriver + 696753
11  undetected_chromedriver             0x000000010e5a5c90 undetected_chromedriver + 5823632
12  undetected_chromedriver             0x000000010e5a9b44 undetected_chromedriver + 5839684
13  undetected_chromedriver             0x000000010e580e86 undetected_chromedriver + 5672582
14  undetected_chromedriver             0x000000010e5aa53b undetected_chromedriver + 5842235
15  undetected_chromedriver             0x000000010e56f824 undetected_chromedriver + 5601316
16  undetected_chromedriver             0x000000010e5cc618 undetected_chromedriver + 5981720
17  undetected_chromedriver             0x000000010e5cc7df undetected_chromedriver + 5982175
18  undetected_chromedriver             0x000000010e5ddd58 undetected_chromedriver + 6053208
19  libsystem_pthread.dylib             0x00007ff816068253 _pthread_start + 99
20  libsystem_pthread.dylib             0x00007ff816063bef thread_start + 15

schedule | get_flight_by_airport_flightera | 2025-04-20 23:30:29,035 | INFO | No more 'Earlier Flights' link.
schedule | get_flight_by_airport_flightera | 2025-04-20 23:30:29,216 | INFO | Flightera scrape finished: 0 rows
schedule | main | 2025-04-20 23:30:29,216 | INFO | Flightera scrapes done for DUB: arrivals=0 rows, departures=0 rows
schedule | selenium_utility | 2025-04-20 23:30:29,219 | INFO | Using Chrome binary at: /Applications/Google Chrome.app/Contents/MacOS/Google Chrome
schedule | selenium_utility | 2025-04-20 23:30:31,145 | INFO | Chrome driver initialized successfully.
schedule | get_flight_by_airport_flightradar24 | 2025-04-20 23:30:31,146 | INFO | Navigating to Flightradar24 URL: https://www.flightradar24.com/data/airports/DUB/arrivals
schedule | selenium_utility | 2025-04-20 23:30:36,833 | WARNING | Failed to click button at xpath '//*[@id="onetrust-reject-all-handler"]': Message: 
Stacktrace:
0   undetected_chromedriver             0x000000010af7f568 undetected_chromedriver + 6088040
1   undetected_chromedriver             0x000000010af7717a undetected_chromedriver + 6054266
2   undetected_chromedriver             0x000000010aa16540 undetected_chromedriver + 415040
3   undetected_chromedriver             0x000000010aa680a0 undetected_chromedriver + 749728
4   undetected_chromedriver             0x000000010aa682f1 undetected_chromedriver + 750321
5   undetected_chromedriver             0x000000010aab8764 undetected_chromedriver + 1079140
6   undetected_chromedriver             0x000000010aa8e41d undetected_chromedriver + 906269
7   undetected_chromedriver             0x000000010aab5a19 undetected_chromedriver + 1067545
8   undetected_chromedriver             0x000000010aa8e1c3 undetected_chromedriver + 905667
9   undetected_chromedriver             0x000000010aa5a05a undetected_chromedriver + 692314
10  undetected_chromedriver             0x000000010aa5b1b1 undetected_chromedriver + 696753
11  undetected_chromedriver             0x000000010af3ec90 undetected_chromedriver + 5823632
12  undetected_chromedriver             0x000000010af42b44 undetected_chromedriver + 5839684
13  undetected_chromedriver             0x000000010af19e86 undetected_chromedriver + 5672582
14  undetected_chromedriver             0x000000010af4353b undetected_chromedriver + 5842235
15  undetected_chromedriver             0x000000010af08824 undetected_chromedriver + 5601316
16  undetected_chromedriver             0x000000010af65618 undetected_chromedriver + 5981720
17  undetected_chromedriver             0x000000010af657df undetected_chromedriver + 5982175
18  undetected_chromedriver             0x000000010af76d58 undetected_chromedriver + 6053208
19  libsystem_pthread.dylib             0x00007ff816068253 _pthread_start + 99
20  libsystem_pthread.dylib             0x00007ff816063bef thread_start + 15

schedule | selenium_utility | 2025-04-20 23:30:36,833 | INFO | Attempting to click button #1 at xpath '//button[contains(@class, "btn-flights-load") and contains(text(), "Load earlier flights")]'...
schedule | selenium_utility | 2025-04-20 23:30:47,219 | WARNING | Failed to click button at xpath '//button[contains(@class, "btn-flights-load") and contains(text(), "Load earlier flights")]': Message: 
Stacktrace:
0   undetected_chromedriver             0x000000010af7f568 undetected_chromedriver + 6088040
1   undetected_chromedriver             0x000000010af7717a undetected_chromedriver + 6054266
2   undetected_chromedriver             0x000000010aa16540 undetected_chromedriver + 415040
3   undetected_chromedriver             0x000000010aa680a0 undetected_chromedriver + 749728
4   undetected_chromedriver             0x000000010aa682f1 undetected_chromedriver + 750321
5   undetected_chromedriver             0x000000010aab8764 undetected_chromedriver + 1079140
6   undetected_chromedriver             0x000000010aa8e41d undetected_chromedriver + 906269
7   undetected_chromedriver             0x000000010aab5a19 undetected_chromedriver + 1067545
8   undetected_chromedriver             0x000000010aa8e1c3 undetected_chromedriver + 905667
9   undetected_chromedriver             0x000000010aa5a05a undetected_chromedriver + 692314
10  undetected_chromedriver             0x000000010aa5b1b1 undetected_chromedriver + 696753
11  undetected_chromedriver             0x000000010af3ec90 undetected_chromedriver + 5823632
12  undetected_chromedriver             0x000000010af42b44 undetected_chromedriver + 5839684
13  undetected_chromedriver             0x000000010af19e86 undetected_chromedriver + 5672582
14  undetected_chromedriver             0x000000010af4353b undetected_chromedriver + 5842235
15  undetected_chromedriver             0x000000010af08824 undetected_chromedriver + 5601316
16  undetected_chromedriver             0x000000010af65618 undetected_chromedriver + 5981720
17  undetected_chromedriver             0x000000010af657df undetected_chromedriver + 5982175
18  undetected_chromedriver             0x000000010af76d58 undetected_chromedriver + 6053208
19  libsystem_pthread.dylib             0x00007ff816068253 _pthread_start + 99
20  libsystem_pthread.dylib             0x00007ff816063bef thread_start + 15

schedule | selenium_utility | 2025-04-20 23:30:47,222 | INFO | No more buttons found after 0 clicks.
schedule | selenium_utility | 2025-04-20 23:30:47,223 | INFO | Attempting to click button #1 at xpath '//button[contains(@class, "btn-flights-load") and contains(text(), "Load later flights")]'...
schedule | selenium_utility | 2025-04-20 23:30:57,552 | WARNING | Failed to click button at xpath '//button[contains(@class, "btn-flights-load") and contains(text(), "Load later flights")]': Message: 
Stacktrace:
0   undetected_chromedriver             0x000000010af7f568 undetected_chromedriver + 6088040
1   undetected_chromedriver             0x000000010af7717a undetected_chromedriver + 6054266
2   undetected_chromedriver             0x000000010aa16540 undetected_chromedriver + 415040
3   undetected_chromedriver             0x000000010aa680a0 undetected_chromedriver + 749728
4   undetected_chromedriver             0x000000010aa682f1 undetected_chromedriver + 750321
5   undetected_chromedriver             0x000000010aab8764 undetected_chromedriver + 1079140
6   undetected_chromedriver             0x000000010aa8e41d undetected_chromedriver + 906269
7   undetected_chromedriver             0x000000010aab5a19 undetected_chromedriver + 1067545
8   undetected_chromedriver             0x000000010aa8e1c3 undetected_chromedriver + 905667
9   undetected_chromedriver             0x000000010aa5a05a undetected_chromedriver + 692314
10  undetected_chromedriver             0x000000010aa5b1b1 undetected_chromedriver + 696753
11  undetected_chromedriver             0x000000010af3ec90 undetected_chromedriver + 5823632
12  undetected_chromedriver             0x000000010af42b44 undetected_chromedriver + 5839684
13  undetected_chromedriver             0x000000010af19e86 undetected_chromedriver + 5672582
14  undetected_chromedriver             0x000000010af4353b undetected_chromedriver + 5842235
15  undetected_chromedriver             0x000000010af08824 undetected_chromedriver + 5601316
16  undetected_chromedriver             0x000000010af65618 undetected_chromedriver + 5981720
17  undetected_chromedriver             0x000000010af657df undetected_chromedriver + 5982175
18  undetected_chromedriver             0x000000010af76d58 undetected_chromedriver + 6053208
19  libsystem_pthread.dylib             0x00007ff816068253 _pthread_start + 99
20  libsystem_pthread.dylib             0x00007ff816063bef thread_start + 15

schedule | selenium_utility | 2025-04-20 23:30:57,552 | INFO | No more buttons found after 0 clicks.
schedule | get_flight_by_airport_flightradar24 | 2025-04-20 23:30:57,589 | INFO | Parsed 0 rows from Flightradar24 HTML.
schedule | get_flight_by_airport_flightradar24 | 2025-04-20 23:30:57,888 | INFO | Flightradar24 arrivals scraping complete for DUB: 0 rows
schedule | main | 2025-04-20 23:30:57,889 | INFO | All schedule scraping done. Cleaning data...
